https://dr.dk
https://www.dr.dk/
https://www.dr.dk/drtv/
https://www.dr.dk/lyd
https://www.dr.dk/kontakt/
https://www.dr.dk/soeg
https://www.dr.dk/nyheder
https://www.dr.dk/sporten
https://www.dr.dk/p3
https://www.dr.dk/ligetil
https://www.dr.dk/boern
https://www.dr.dk/ultra
https://www.dr.dk/dr-laer
https://www.dr.dk/om-dr/dr-og-dine-data
https://www.dr.dk/quiz/p3?id=68b6dc184eaab8e37ca319be
https://www.dr.dk/quiz/p3?id=68ac0f8fe5c3a64da0f594a6
https://www.dr.dk/quiz/p3?id=6899f0569f23137eb0acee25
https://www.dr.dk/quiz/p3?id=6891b3011488741025ed4bc3
https://www.dr.dk/etik-og-rettelser/brugernes-redaktoer/om-redaktoeren-0
https://www.dr.dk/nyheder/regionale
https://www.dr.dk/nyheder/vejret
https://www.dr.dk/ultra/ultra-nyt-nyheder-til-boern
